[Server(4402) file:///home/domoraud/AlyraSchool] Started and initialize received
[Server(4402) file:///home/domoraud/AlyraSchool] Setup a stylesheet lookup map
[Server(4402) file:///home/domoraud/AlyraSchool] Document opened: file:///home/domoraud/AlyraSchool/semaine1/exo1.3.5.js
[Server(4402) file:///home/domoraud/AlyraSchool] Document changed: file:///home/domoraud/AlyraSchool/semaine1/exo1.3.5.js
[Server(4402) file:///home/domoraud/AlyraSchool] Document opened: file:///home/domoraud/AlyraSchool/semaine1/palindromeRecursif.js
[Server(4402) file:///home/domoraud/AlyraSchool] Document changed: file:///home/domoraud/AlyraSchool/semaine1/palindromeRecursif.js
[Server(4402) file:///home/domoraud/AlyraSchool] Document changed: file:///home/domoraud/AlyraSchool/semaine1/palindromeRecursif.js
[Server(4402) file:///home/domoraud/AlyraSchool] Document changed: file:///home/domoraud/AlyraSchool/semaine1/palindromeRecursif.js
[Server(4402) file:///home/domoraud/AlyraSchool] Document changed: file:///home/domoraud/AlyraSchool/semaine1/palindromeRecursif.js
[Server(4402) file:///home/domoraud/AlyraSchool] Document changed: file:///home/domoraud/AlyraSchool/semaine1/palindromeRecursif.js
[Server(4402) file:///home/domoraud/AlyraSchool] Document changed: file:///home/domoraud/AlyraSchool/semaine1/palindromeRecursif.js
[Server(4402) file:///home/domoraud/AlyraSchool] Document changed: file:///home/domoraud/AlyraSchool/semaine1/palindromeRecursif.js
[Server(4402) file:///home/domoraud/AlyraSchool] Document changed: file:///home/domoraud/AlyraSchool/semaine1/palindromeRecursif.js
[Server(4402) file:///home/domoraud/AlyraSchool] Document changed: file:///home/domoraud/AlyraSchool/semaine1/palindromeRecursif.js
[Server(4402) file:///home/domoraud/AlyraSchool] Document changed: file:///home/domoraud/AlyraSchool/semaine1/palindromeRecursif.js
[Server(4402) file:///home/domoraud/AlyraSchool] Document changed: file:///home/domoraud/AlyraSchool/semaine1/palindromeRecursif.js
[Server(4402) file:///home/domoraud/AlyraSchool] Document changed: file:///home/domoraud/AlyraSchool/semaine1/palindromeRecursif.js
[Server(4402) file:///home/domoraud/AlyraSchool] Document changed: file:///home/domoraud/AlyraSchool/semaine1/palindromeRecursif.js
[Server(4402) file:///home/domoraud/AlyraSchool] Document changed: file:///home/domoraud/AlyraSchool/semaine1/palindromeRecursif.js
[Server(4402) file:///home/domoraud/AlyraSchool] Document changed: file:///home/domoraud/AlyraSchool/semaine1/palindromeRecursif.js
[Server(4402) file:///home/domoraud/AlyraSchool] Document changed: file:///home/domoraud/AlyraSchool/semaine1/palindromeRecursif.js
[Server(4402) file:///home/domoraud/AlyraSchool] Document changed: file:///home/domoraud/AlyraSchool/semaine1/palindromeRecursif.js
[Server(4402) file:///home/domoraud/AlyraSchool] Document changed: file:///home/domoraud/AlyraSchool/semaine1/palindromeRecursif.js
[Server(4402) file:///home/domoraud/AlyraSchool] Document changed: file:///home/domoraud/AlyraSchool/semaine1/palindromeRecursif.js
[Server(4402) file:///home/domoraud/AlyraSchool] Document changed: file:///home/domoraud/AlyraSchool/semaine1/palindromeRecursif.js
[Server(4402) file:///home/domoraud/AlyraSchool] Document changed: file:///home/domoraud/AlyraSchool/semaine1/palindromeRecursif.js
[Server(4402) file:///home/domoraud/AlyraSchool] Document changed: file:///home/domoraud/AlyraSchool/semaine1/palindromeRecursif.js
[Server(4402) file:///home/domoraud/AlyraSchool] Document changed: file:///home/domoraud/AlyraSchool/semaine1/palindromeRecursif.js
[Server(4402) file:///home/domoraud/AlyraSchool] Document changed: file:///home/domoraud/AlyraSchool/semaine1/palindromeRecursif.js
[Server(4402) file:///home/domoraud/AlyraSchool] Document changed: file:///home/domoraud/AlyraSchool/semaine1/palindromeRecursif.js
[Server(4402) file:///home/domoraud/AlyraSchool] Document changed: file:///home/domoraud/AlyraSchool/semaine1/palindromeRecursif.js
[Server(4402) file:///home/domoraud/AlyraSchool] Document changed: file:///home/domoraud/AlyraSchool/semaine1/palindromeRecursif.js
[Server(4402) file:///home/domoraud/AlyraSchool] Document changed: file:///home/domoraud/AlyraSchool/semaine1/palindromeRecursif.js
[Server(4402) file:///home/domoraud/AlyraSchool] Document changed: file:///home/domoraud/AlyraSchool/semaine1/palindromeRecursif.js
[Server(4402) file:///home/domoraud/AlyraSchool] Document changed: file:///home/domoraud/AlyraSchool/semaine1/palindromeRecursif.js
[Server(4402) file:///home/domoraud/AlyraSchool] Document changed: file:///home/domoraud/AlyraSchool/semaine1/palindromeRecursif.js
[Server(4402) file:///home/domoraud/AlyraSchool] Document changed: file:///home/domoraud/AlyraSchool/semaine1/palindromeRecursif.js
[Server(4402) file:///home/domoraud/AlyraSchool] Document changed: file:///home/domoraud/AlyraSchool/semaine1/palindromeRecursif.js
[Server(4402) file:///home/domoraud/AlyraSchool] Document changed: file:///home/domoraud/AlyraSchool/semaine1/palindromeRecursif.js
[Server(4402) file:///home/domoraud/AlyraSchool] Document changed: file:///home/domoraud/AlyraSchool/semaine1/palindromeRecursif.js
[Server(4402) file:///home/domoraud/AlyraSchool] Document changed: file:///home/domoraud/AlyraSchool/semaine1/palindromeRecursif.js
[Server(4402) file:///home/domoraud/AlyraSchool] Document changed: file:///home/domoraud/AlyraSchool/semaine1/palindromeRecursif.js
[Server(4402) file:///home/domoraud/AlyraSchool] Document changed: file:///home/domoraud/AlyraSchool/semaine1/palindromeRecursif.js
[Server(4402) file:///home/domoraud/AlyraSchool] Document changed: file:///home/domoraud/AlyraSchool/semaine1/palindromeRecursif.js
[Server(4402) file:///home/domoraud/AlyraSchool] Document changed: file:///home/domoraud/AlyraSchool/semaine1/palindromeRecursif.js
[Server(4402) file:///home/domoraud/AlyraSchool] Document changed: file:///home/domoraud/AlyraSchool/semaine1/palindromeRecursif.js
[Server(4402) file:///home/domoraud/AlyraSchool] Document changed: file:///home/domoraud/AlyraSchool/semaine1/palindromeRecursif.js
[Server(4402) file:///home/domoraud/AlyraSchool] Document changed: file:///home/domoraud/AlyraSchool/semaine1/palindromeRecursif.js
[Server(4402) file:///home/domoraud/AlyraSchool] Document changed: file:///home/domoraud/AlyraSchool/semaine1/palindromeRecursif.js
[Server(4402) file:///home/domoraud/AlyraSchool] Document changed: file:///home/domoraud/AlyraSchool/semaine1/palindromeRecursif.js
[Server(4402) file:///home/domoraud/AlyraSchool] Document changed: file:///home/domoraud/AlyraSchool/semaine1/palindromeRecursif.js
[Server(4402) file:///home/domoraud/AlyraSchool] Document changed: file:///home/domoraud/AlyraSchool/semaine1/palindromeRecursif.js
[Server(4402) file:///home/domoraud/AlyraSchool] Document changed: file:///home/domoraud/AlyraSchool/semaine1/palindromeRecursif.js
[Server(4402) file:///home/domoraud/AlyraSchool] Document changed: file:///home/domoraud/AlyraSchool/semaine1/palindromeRecursif.js
[Server(4402) file:///home/domoraud/AlyraSchool] Document changed: file:///home/domoraud/AlyraSchool/semaine1/palindromeRecursif.js
[Server(4402) file:///home/domoraud/AlyraSchool] Document changed: file:///home/domoraud/AlyraSchool/semaine1/palindromeRecursif.js
[Server(4402) file:///home/domoraud/AlyraSchool] Document changed: file:///home/domoraud/AlyraSchool/semaine1/palindromeRecursif.js
[Server(4402) file:///home/domoraud/AlyraSchool] Document changed: file:///home/domoraud/AlyraSchool/semaine1/palindromeRecursif.js
[Server(4402) file:///home/domoraud/AlyraSchool] Document changed: file:///home/domoraud/AlyraSchool/semaine1/palindromeRecursif.js
[Server(4402) file:///home/domoraud/AlyraSchool] Document changed: file:///home/domoraud/AlyraSchool/semaine1/palindromeRecursif.js
[Server(4402) file:///home/domoraud/AlyraSchool] Document changed: file:///home/domoraud/AlyraSchool/semaine1/palindromeRecursif.js
[Server(4402) file:///home/domoraud/AlyraSchool] Document changed: file:///home/domoraud/AlyraSchool/semaine1/palindromeRecursif.js
[Server(4402) file:///home/domoraud/AlyraSchool] Document changed: file:///home/domoraud/AlyraSchool/semaine1/palindromeRecursif.js
[Server(4402) file:///home/domoraud/AlyraSchool] Document changed: file:///home/domoraud/AlyraSchool/semaine1/palindromeRecursif.js
[Server(4402) file:///home/domoraud/AlyraSchool] Document changed: file:///home/domoraud/AlyraSchool/semaine1/palindromeRecursif.js
[Server(4402) file:///home/domoraud/AlyraSchool] Document changed: file:///home/domoraud/AlyraSchool/semaine1/palindromeRecursif.js
[Server(4402) file:///home/domoraud/AlyraSchool] Document changed: file:///home/domoraud/AlyraSchool/semaine1/palindromeRecursif.js
[Server(4402) file:///home/domoraud/AlyraSchool] Document changed: file:///home/domoraud/AlyraSchool/semaine1/palindromeRecursif.js
[Server(4402) file:///home/domoraud/AlyraSchool] Document changed: file:///home/domoraud/AlyraSchool/semaine1/palindromeRecursif.js
[Server(4402) file:///home/domoraud/AlyraSchool] Document changed: file:///home/domoraud/AlyraSchool/semaine1/palindromeRecursif.js
[Server(4402) file:///home/domoraud/AlyraSchool] Document changed: file:///home/domoraud/AlyraSchool/semaine1/palindromeRecursif.js
[Server(4402) file:///home/domoraud/AlyraSchool] Document changed: file:///home/domoraud/AlyraSchool/semaine1/palindromeRecursif.js
[Server(4402) file:///home/domoraud/AlyraSchool] Document changed: file:///home/domoraud/AlyraSchool/semaine1/palindromeRecursif.js
[Server(4402) file:///home/domoraud/AlyraSchool] Document changed: file:///home/domoraud/AlyraSchool/semaine1/palindromeRecursif.js
[Server(4402) file:///home/domoraud/AlyraSchool] Document changed: file:///home/domoraud/AlyraSchool/semaine1/palindromeRecursif.js
[Server(4402) file:///home/domoraud/AlyraSchool] Document changed: file:///home/domoraud/AlyraSchool/semaine1/palindromeRecursif.js
[Server(4402) file:///home/domoraud/AlyraSchool] Document changed: file:///home/domoraud/AlyraSchool/semaine1/palindromeRecursif.js
[Server(4402) file:///home/domoraud/AlyraSchool] Document changed: file:///home/domoraud/AlyraSchool/semaine1/palindromeRecursif.js
[Server(4402) file:///home/domoraud/AlyraSchool] Document changed: file:///home/domoraud/AlyraSchool/semaine1/palindromeRecursif.js
[Server(4402) file:///home/domoraud/AlyraSchool] Document changed: file:///home/domoraud/AlyraSchool/semaine1/palindromeRecursif.js
[Server(4402) file:///home/domoraud/AlyraSchool] Document changed: file:///home/domoraud/AlyraSchool/semaine1/palindromeRecursif.js
[Server(4402) file:///home/domoraud/AlyraSchool] Document changed: file:///home/domoraud/AlyraSchool/semaine1/palindromeRecursif.js
[Server(4402) file:///home/domoraud/AlyraSchool] Document changed: file:///home/domoraud/AlyraSchool/semaine1/palindromeRecursif.js
[Server(4402) file:///home/domoraud/AlyraSchool] Document changed: file:///home/domoraud/AlyraSchool/semaine1/palindromeRecursif.js
[Server(4402) file:///home/domoraud/AlyraSchool] Document changed: file:///home/domoraud/AlyraSchool/semaine1/palindromeRecursif.js
[Server(4402) file:///home/domoraud/AlyraSchool] Document changed: file:///home/domoraud/AlyraSchool/semaine1/palindromeRecursif.js
[Server(4402) file:///home/domoraud/AlyraSchool] Document changed: file:///home/domoraud/AlyraSchool/semaine1/palindromeRecursif.js
[Server(4402) file:///home/domoraud/AlyraSchool] Document changed: file:///home/domoraud/AlyraSchool/semaine1/palindromeRecursif.js
[Server(4402) file:///home/domoraud/AlyraSchool] Document changed: file:///home/domoraud/AlyraSchool/semaine1/palindromeRecursif.js
[Server(4402) file:///home/domoraud/AlyraSchool] Document changed: file:///home/domoraud/AlyraSchool/semaine1/palindromeRecursif.js
[Server(4402) file:///home/domoraud/AlyraSchool] Document changed: file:///home/domoraud/AlyraSchool/semaine1/palindromeRecursif.js
[Server(4402) file:///home/domoraud/AlyraSchool] Document changed: file:///home/domoraud/AlyraSchool/semaine1/palindromeRecursif.js
[Server(4402) file:///home/domoraud/AlyraSchool] Document changed: file:///home/domoraud/AlyraSchool/semaine1/palindromeRecursif.js
[Server(4402) file:///home/domoraud/AlyraSchool] Document changed: file:///home/domoraud/AlyraSchool/semaine1/palindromeRecursif.js
[Server(4402) file:///home/domoraud/AlyraSchool] Document changed: file:///home/domoraud/AlyraSchool/semaine1/palindromeRecursif.js
[Server(4402) file:///home/domoraud/AlyraSchool] Document changed: file:///home/domoraud/AlyraSchool/semaine1/palindromeRecursif.js
[Server(4402) file:///home/domoraud/AlyraSchool] Document changed: file:///home/domoraud/AlyraSchool/semaine1/palindromeRecursif.js
[Server(4402) file:///home/domoraud/AlyraSchool] Document changed: file:///home/domoraud/AlyraSchool/semaine1/palindromeRecursif.js
[Server(4402) file:///home/domoraud/AlyraSchool] Document changed: file:///home/domoraud/AlyraSchool/semaine1/palindromeRecursif.js
[Server(4402) file:///home/domoraud/AlyraSchool] Document changed: file:///home/domoraud/AlyraSchool/semaine1/palindromeRecursif.js
[Server(4402) file:///home/domoraud/AlyraSchool] Document changed: file:///home/domoraud/AlyraSchool/semaine1/palindromeRecursif.js
[Server(4402) file:///home/domoraud/AlyraSchool] Document changed: file:///home/domoraud/AlyraSchool/semaine1/palindromeRecursif.js
[Server(4402) file:///home/domoraud/AlyraSchool] Document changed: file:///home/domoraud/AlyraSchool/semaine1/palindromeRecursif.js
[Server(4402) file:///home/domoraud/AlyraSchool] Document changed: file:///home/domoraud/AlyraSchool/semaine1/palindromeRecursif.js
[Server(4402) file:///home/domoraud/AlyraSchool] Document changed: file:///home/domoraud/AlyraSchool/semaine1/palindromeRecursif.js
[Server(4402) file:///home/domoraud/AlyraSchool] Document changed: file:///home/domoraud/AlyraSchool/semaine1/palindromeRecursif.js
[Server(4402) file:///home/domoraud/AlyraSchool] Document changed: file:///home/domoraud/AlyraSchool/semaine1/palindromeRecursif.js
[Server(4402) file:///home/domoraud/AlyraSchool] Document changed: file:///home/domoraud/AlyraSchool/semaine1/palindromeRecursif.js
[Server(4402) file:///home/domoraud/AlyraSchool] Document changed: file:///home/domoraud/AlyraSchool/semaine1/palindromeRecursif.js
[Server(4402) file:///home/domoraud/AlyraSchool] Document changed: file:///home/domoraud/AlyraSchool/semaine1/palindromeRecursif.js
[Server(4402) file:///home/domoraud/AlyraSchool] Document changed: file:///home/domoraud/AlyraSchool/semaine1/palindromeRecursif.js
[Server(4402) file:///home/domoraud/AlyraSchool] Document changed: file:///home/domoraud/AlyraSchool/semaine1/palindromeRecursif.js
[Server(4402) file:///home/domoraud/AlyraSchool] Document changed: file:///home/domoraud/AlyraSchool/semaine1/palindromeRecursif.js
[Server(4402) file:///home/domoraud/AlyraSchool] Document changed: file:///home/domoraud/AlyraSchool/semaine1/palindromeRecursif.js
[Server(4402) file:///home/domoraud/AlyraSchool] Document changed: file:///home/domoraud/AlyraSchool/semaine1/palindromeRecursif.js
[Server(4402) file:///home/domoraud/AlyraSchool] Document changed: file:///home/domoraud/AlyraSchool/semaine1/palindromeRecursif.js
[Server(4402) file:///home/domoraud/AlyraSchool] Document changed: file:///home/domoraud/AlyraSchool/semaine1/palindromeRecursif.js
[Server(4402) file:///home/domoraud/AlyraSchool] Document changed: file:///home/domoraud/AlyraSchool/semaine1/palindromeRecursif.js
[Server(4402) file:///home/domoraud/AlyraSchool] Document changed: file:///home/domoraud/AlyraSchool/semaine1/palindromeRecursif.js
[Server(4402) file:///home/domoraud/AlyraSchool] Document changed: file:///home/domoraud/AlyraSchool/semaine1/palindromeRecursif.js
[Server(4402) file:///home/domoraud/AlyraSchool] Document changed: file:///home/domoraud/AlyraSchool/semaine1/palindromeRecursif.js
[Server(4402) file:///home/domoraud/AlyraSchool] Document changed: file:///home/domoraud/AlyraSchool/semaine1/palindromeRecursif.js
[Server(4402) file:///home/domoraud/AlyraSchool] Document changed: file:///home/domoraud/AlyraSchool/semaine1/palindromeRecursif.js
[Server(4402) file:///home/domoraud/AlyraSchool] Document changed: file:///home/domoraud/AlyraSchool/semaine1/palindromeRecursif.js
[Server(4402) file:///home/domoraud/AlyraSchool] Document changed: file:///home/domoraud/AlyraSchool/semaine1/palindromeRecursif.js
[Server(4402) file:///home/domoraud/AlyraSchool] Document changed: file:///home/domoraud/AlyraSchool/semaine1/palindromeRecursif.js
[Server(4402) file:///home/domoraud/AlyraSchool] Document changed: file:///home/domoraud/AlyraSchool/semaine1/palindromeRecursif.js
[Server(4402) file:///home/domoraud/AlyraSchool] Document changed: file:///home/domoraud/AlyraSchool/semaine1/palindromeRecursif.js
[Server(4402) file:///home/domoraud/AlyraSchool] Document changed: file:///home/domoraud/AlyraSchool/semaine1/palindromeRecursif.js
[Server(4402) file:///home/domoraud/AlyraSchool] Document changed: file:///home/domoraud/AlyraSchool/semaine1/palindromeRecursif.js
[Server(4402) file:///home/domoraud/AlyraSchool] Document changed: file:///home/domoraud/AlyraSchool/semaine1/palindromeRecursif.js
[Server(4402) file:///home/domoraud/AlyraSchool] Document changed: file:///home/domoraud/AlyraSchool/semaine1/palindromeRecursif.js
[Server(4402) file:///home/domoraud/AlyraSchool] Document changed: file:///home/domoraud/AlyraSchool/semaine1/palindromeRecursif.js
[Server(4402) file:///home/domoraud/AlyraSchool] Document changed: file:///home/domoraud/AlyraSchool/semaine1/palindromeRecursif.js
[Server(4402) file:///home/domoraud/AlyraSchool] Document changed: file:///home/domoraud/AlyraSchool/semaine1/palindromeRecursif.js
[Server(4402) file:///home/domoraud/AlyraSchool] Document changed: file:///home/domoraud/AlyraSchool/semaine1/palindromeRecursif.js
[Server(4402) file:///home/domoraud/AlyraSchool] Document changed: file:///home/domoraud/AlyraSchool/semaine1/palindromeRecursif.js
[Server(4402) file:///home/domoraud/AlyraSchool] Document changed: file:///home/domoraud/AlyraSchool/semaine1/palindromeRecursif.js
[Server(4402) file:///home/domoraud/AlyraSchool] Document changed: file:///home/domoraud/AlyraSchool/semaine1/palindromeRecursif.js
[Server(4402) file:///home/domoraud/AlyraSchool] Document changed: file:///home/domoraud/AlyraSchool/semaine1/palindromeRecursif.js
[Server(4402) file:///home/domoraud/AlyraSchool] Document changed: file:///home/domoraud/AlyraSchool/semaine1/palindromeRecursif.js
[Server(4402) file:///home/domoraud/AlyraSchool] Document changed: file:///home/domoraud/AlyraSchool/semaine1/palindromeRecursif.js
[Server(4402) file:///home/domoraud/AlyraSchool] Document changed: file:///home/domoraud/AlyraSchool/semaine1/palindromeRecursif.js
[Server(4402) file:///home/domoraud/AlyraSchool] Document changed: file:///home/domoraud/AlyraSchool/semaine1/palindromeRecursif.js
[Server(4402) file:///home/domoraud/AlyraSchool] Document changed: file:///home/domoraud/AlyraSchool/semaine1/palindromeRecursif.js
[Server(4402) file:///home/domoraud/AlyraSchool] Document changed: file:///home/domoraud/AlyraSchool/semaine1/palindromeRecursif.js
[Server(4402) file:///home/domoraud/AlyraSchool] Document changed: file:///home/domoraud/AlyraSchool/semaine1/palindromeRecursif.js
[Server(4402) file:///home/domoraud/AlyraSchool] Document changed: file:///home/domoraud/AlyraSchool/semaine1/palindromeRecursif.js
[Server(4402) file:///home/domoraud/AlyraSchool] Document changed: file:///home/domoraud/AlyraSchool/semaine1/palindromeRecursif.js
[Server(4402) file:///home/domoraud/AlyraSchool] Document changed: file:///home/domoraud/AlyraSchool/semaine1/palindromeRecursif.js
[Server(4402) file:///home/domoraud/AlyraSchool] Document changed: file:///home/domoraud/AlyraSchool/semaine1/palindromeRecursif.js
[Server(4402) file:///home/domoraud/AlyraSchool] Document changed: file:///home/domoraud/AlyraSchool/semaine1/palindromeRecursif.js
[Server(4402) file:///home/domoraud/AlyraSchool] Document changed: file:///home/domoraud/AlyraSchool/semaine1/palindromeRecursif.js
[Server(4402) file:///home/domoraud/AlyraSchool] Document changed: file:///home/domoraud/AlyraSchool/semaine1/palindromeRecursif.js
[Server(4402) file:///home/domoraud/AlyraSchool] Document changed: file:///home/domoraud/AlyraSchool/semaine1/palindromeRecursif.js
[Server(4402) file:///home/domoraud/AlyraSchool] Document changed: file:///home/domoraud/AlyraSchool/semaine1/palindromeRecursif.js
[Server(4402) file:///home/domoraud/AlyraSchool] Document changed: file:///home/domoraud/AlyraSchool/semaine1/palindromeRecursif.js
[Server(4402) file:///home/domoraud/AlyraSchool] Document changed: file:///home/domoraud/AlyraSchool/semaine1/palindromeRecursif.js
[Server(4402) file:///home/domoraud/AlyraSchool] Document changed: file:///home/domoraud/AlyraSchool/semaine1/palindromeRecursif.js
[Server(4402) file:///home/domoraud/AlyraSchool] Document changed: file:///home/domoraud/AlyraSchool/semaine1/palindromeRecursif.js
[Server(4402) file:///home/domoraud/AlyraSchool] Document changed: file:///home/domoraud/AlyraSchool/semaine1/palindromeRecursif.js
[Server(4402) file:///home/domoraud/AlyraSchool] Document changed: file:///home/domoraud/AlyraSchool/semaine1/palindromeRecursif.js
[Server(4402) file:///home/domoraud/AlyraSchool] Document changed: file:///home/domoraud/AlyraSchool/semaine1/palindromeRecursif.js
[Server(4402) file:///home/domoraud/AlyraSchool] Document changed: file:///home/domoraud/AlyraSchool/semaine1/palindromeRecursif.js
[Server(4402) file:///home/domoraud/AlyraSchool] Document changed: file:///home/domoraud/AlyraSchool/semaine1/palindromeRecursif.js
[Server(4402) file:///home/domoraud/AlyraSchool] Document changed: file:///home/domoraud/AlyraSchool/semaine1/palindromeRecursif.js
[Server(4402) file:///home/domoraud/AlyraSchool] Document changed: file:///home/domoraud/AlyraSchool/semaine1/palindromeRecursif.js
[Server(4402) file:///home/domoraud/AlyraSchool] Document changed: file:///home/domoraud/AlyraSchool/semaine1/palindromeRecursif.js
[Server(4402) file:///home/domoraud/AlyraSchool] Document changed: file:///home/domoraud/AlyraSchool/semaine1/palindromeRecursif.js
[Server(4402) file:///home/domoraud/AlyraSchool] Document changed: file:///home/domoraud/AlyraSchool/semaine1/palindromeRecursif.js
[Server(4402) file:///home/domoraud/AlyraSchool] Document changed: file:///home/domoraud/AlyraSchool/semaine1/palindromeRecursif.js
[Server(4402) file:///home/domoraud/AlyraSchool] Document changed: file:///home/domoraud/AlyraSchool/semaine1/palindromeRecursif.js
[Server(4402) file:///home/domoraud/AlyraSchool] Document changed: file:///home/domoraud/AlyraSchool/semaine1/palindromeRecursif.js
[Server(4402) file:///home/domoraud/AlyraSchool] Document changed: file:///home/domoraud/AlyraSchool/semaine1/palindromeRecursif.js
[Server(4402) file:///home/domoraud/AlyraSchool] Document changed: file:///home/domoraud/AlyraSchool/semaine1/palindromeRecursif.js
[Server(4402) file:///home/domoraud/AlyraSchool] Document changed: file:///home/domoraud/AlyraSchool/semaine1/palindromeRecursif.js
[Server(4402) file:///home/domoraud/AlyraSchool] Document changed: file:///home/domoraud/AlyraSchool/semaine1/palindromeRecursif.js
[Server(4402) file:///home/domoraud/AlyraSchool] Document changed: file:///home/domoraud/AlyraSchool/semaine1/palindromeRecursif.js
[Server(4402) file:///home/domoraud/AlyraSchool] Document changed: file:///home/domoraud/AlyraSchool/semaine1/palindromeRecursif.js
[Server(4402) file:///home/domoraud/AlyraSchool] Document changed: file:///home/domoraud/AlyraSchool/semaine1/palindromeRecursif.js
[Server(4402) file:///home/domoraud/AlyraSchool] Document changed: file:///home/domoraud/AlyraSchool/semaine1/palindromeRecursif.js
[Server(4402) file:///home/domoraud/AlyraSchool] Document changed: file:///home/domoraud/AlyraSchool/semaine1/palindromeRecursif.js
[Server(4402) file:///home/domoraud/AlyraSchool] Document changed: file:///home/domoraud/AlyraSchool/semaine1/palindromeRecursif.js
[Server(4402) file:///home/domoraud/AlyraSchool] Document changed: file:///home/domoraud/AlyraSchool/semaine1/palindromeRecursif.js
[Server(4402) file:///home/domoraud/AlyraSchool] Document changed: file:///home/domoraud/AlyraSchool/semaine1/palindromeRecursif.js
[Server(4402) file:///home/domoraud/AlyraSchool] Document changed: file:///home/domoraud/AlyraSchool/semaine1/palindromeRecursif.js
[Server(4402) file:///home/domoraud/AlyraSchool] Document changed: file:///home/domoraud/AlyraSchool/semaine1/palindromeRecursif.js
[Server(4402) file:///home/domoraud/AlyraSchool] Document changed: file:///home/domoraud/AlyraSchool/semaine1/palindromeRecursif.js
[Server(4402) file:///home/domoraud/AlyraSchool] Document changed: file:///home/domoraud/AlyraSchool/semaine1/palindromeRecursif.js
[Server(4402) file:///home/domoraud/AlyraSchool] Document changed: file:///home/domoraud/AlyraSchool/semaine1/palindromeRecursif.js
[Server(4402) file:///home/domoraud/AlyraSchool] Document changed: file:///home/domoraud/AlyraSchool/semaine1/palindromeRecursif.js
